Using pre-set license
Built from '2022.1/staging' branch; Version is '2022.1.6f1 (e49a51cf6290) revision 14981713'; Using compiler version '192829333'; Build Type 'Release'
OS: 'Windows 11  (10.0.22000) 64bit Core' Language: 'en' Physical Memory: 16245 MB
BatchMode: 1, IsHumanControllingUs: 0, StartBugReporterOnCrash: 0, Is64bit: 1, IsPro: 1

COMMAND LINE ARGUMENTS:
C:\Program Files\Unity\Hub\Editor\2022.1.6f1\Editor\Unity.exe
-adb2
-batchMode
-noUpm
-name
AssetImportWorker0
-projectPath
C:/Users/halza/Projects/design-patterns
-logFile
Logs/AssetImportWorker0.log
-srvPort
56112
Successfully changed project path to: C:/Users/halza/Projects/design-patterns
C:/Users/halza/Projects/design-patterns
[UnityMemory] Configuration Parameters - Can be set up in boot.config
    "memorysetup-bucket-allocator-granularity=16"
    "memorysetup-bucket-allocator-bucket-count=8"
    "memorysetup-bucket-allocator-block-size=33554432"
    "memorysetup-bucket-allocator-block-count=8"
    "memorysetup-main-allocator-block-size=16777216"
    "memorysetup-thread-allocator-block-size=16777216"
    "memorysetup-gfx-main-allocator-block-size=16777216"
    "memorysetup-gfx-thread-allocator-block-size=16777216"
    "memorysetup-cache-allocator-block-size=4194304"
    "memorysetup-typetree-allocator-block-size=2097152"
    "memorysetup-profiler-bucket-allocator-granularity=16"
    "memorysetup-profiler-bucket-allocator-bucket-count=8"
    "memorysetup-profiler-bucket-allocator-block-size=33554432"
    "memorysetup-profiler-bucket-allocator-block-count=8"
    "memorysetup-profiler-allocator-block-size=16777216"
    "memorysetup-profiler-editor-allocator-block-size=1048576"
    "memorysetup-temp-allocator-size-main=16777216"
    "memorysetup-job-temp-allocator-block-size=2097152"
    "memorysetup-job-temp-allocator-block-size-background=1048576"
    "memorysetup-job-temp-allocator-reduction-small-platforms=262144"
    "memorysetup-temp-allocator-size-background-worker=32768"
    "memorysetup-temp-allocator-size-job-worker=262144"
    "memorysetup-temp-allocator-size-preload-manager=33554432"
    "memorysetup-temp-allocator-size-nav-mesh-worker=65536"
    "memorysetup-temp-allocator-size-audio-worker=65536"
    "memorysetup-temp-allocator-size-cloud-worker=32768"
    "memorysetup-temp-allocator-size-gi-baking-worker=262144"
    "memorysetup-temp-allocator-size-gfx=262144"
Refreshing native plugins compatible for Editor in 96.73 ms, found 3 plugins.
Preloading 0 native plugins for Editor in 0.00 ms.
Initialize engine version: 2022.1.6f1 (e49a51cf6290)
[Subsystems] Discovering subsystems at path C:/Program Files/Unity/Hub/Editor/2022.1.6f1/Editor/Data/Resources/UnitySubsystems
[Subsystems] Discovering subsystems at path C:/Users/halza/Projects/design-patterns/Assets
GfxDevice: creating device client; threaded=0; jobified=0
Direct3D:
    Version:  Direct3D 11.0 [level 11.1]
    Renderer: NVIDIA GeForce RTX 2070 with Max-Q Design (ID=0x1f14)
    Vendor:   NVIDIA
    VRAM:     8031 MB
    Driver:   30.0.14.7151
Initialize mono
Mono path[0] = 'C:/Program Files/Unity/Hub/Editor/2022.1.6f1/Editor/Data/Managed'
Mono path[1] = 'C:/Program Files/Unity/Hub/Editor/2022.1.6f1/Editor/Data/MonoBleedingEdge/lib/mono/unityjit-win32'
Mono config path = 'C:/Program Files/Unity/Hub/Editor/2022.1.6f1/Editor/Data/MonoBleedingEdge/etc'
Using monoOptions --debugger-agent=transport=dt_socket,embedding=1,server=y,suspend=n,address=127.0.0.1:56688
Begin MonoManager ReloadAssembly
Registering precompiled unity dll's ...
Register platform support module: C:/Program Files/Unity/Hub/Editor/2022.1.6f1/Editor/Data/PlaybackEngines/AndroidPlayer/UnityEditor.Android.Extensions.dll
Register platform support module: C:/Program Files/Unity/Hub/Editor/2022.1.6f1/Editor/Data/PlaybackEngines/WindowsStandaloneSupport/UnityEditor.WindowsStandalone.Extensions.dll
Registered in 0.006683 seconds.
Native extension for WindowsStandalone target not found
Native extension for Android target not found
Refreshing native plugins compatible for Editor in 158.77 ms, found 3 plugins.
Preloading 0 native plugins for Editor in 0.00 ms.
Mono: successfully reloaded assembly
- Completed reload, in  1.395 seconds
Domain Reload Profiling:
	ReloadAssembly (1396ms)
		BeginReloadAssembly (113ms)
			ExecutionOrderSort (0ms)
			DisableScriptedObjects (0ms)
			BackupInstance (0ms)
			ReleaseScriptingObjects (0ms)
			CreateAndSetChildDomain (1ms)
		EndReloadAssembly (1128ms)
			LoadAssemblies (111ms)
			RebuildTransferFunctionScriptingTraits (0ms)
			SetupTypeCache (306ms)
				TypeCache.Initialize (305ms)
					TypeCache.ScanAssembly (302ms)
				ResolveRequiredComponents (1ms)
			ReleaseScriptCaches (0ms)
			RebuildScriptCaches (86ms)
			SetupLoadedEditorAssemblies (625ms)
				LogAssemblyErrors (0ms)
				InitializePlatformSupportModulesInManaged (120ms)
				SetLoadedEditorAssemblies (23ms)
				RefreshPlugins (159ms)
				BeforeProcessingInitializeOnLoad (3ms)
				ProcessInitializeOnLoadAttributes (228ms)
				ProcessInitializeOnLoadMethodAttributes (91ms)
				AfterProcessingInitializeOnLoad (0ms)
				EditorAssembliesLoaded (0ms)
			ExecutionOrderSort2 (0ms)
			AwakeInstancesAfterBackupRestoration (0ms)
Platform modules already initialized, skipping
Registering precompiled user dll's ...
Registered in 0.006518 seconds.
Begin MonoManager ReloadAssembly
Symbol file LoadedFromMemory doesn't match image C:\Users\halza\Projects\design-patterns\Library\PackageCache\com.unity.visualscripting@1.7.8\Editor\VisualScripting.Core\Dependencies\YamlDotNet\Unity.VisualScripting.YamlDotNet.dll
Symbol file LoadedFromMemory doesn't match image C:\Users\halza\Projects\design-patterns\Library\PackageCache\com.unity.visualscripting@1.7.8\Editor\VisualScripting.Core\Dependencies\DotNetZip\Unity.VisualScripting.IonicZip.dll
Native extension for WindowsStandalone target not found
Native extension for Android target not found
Refreshing native plugins compatible for Editor in 0.75 ms, found 3 plugins.
Preloading 0 native plugins for Editor in 0.00 ms.
Mono: successfully reloaded assembly
- Completed reload, in  1.884 seconds
Domain Reload Profiling:
	ReloadAssembly (1886ms)
		BeginReloadAssembly (282ms)
			ExecutionOrderSort (0ms)
			DisableScriptedObjects (10ms)
			BackupInstance (0ms)
			ReleaseScriptingObjects (0ms)
			CreateAndSetChildDomain (139ms)
		EndReloadAssembly (1422ms)
			LoadAssemblies (112ms)
			RebuildTransferFunctionScriptingTraits (0ms)
			SetupTypeCache (353ms)
				TypeCache.Initialize (345ms)
					TypeCache.ScanAssembly (341ms)
				ResolveRequiredComponents (7ms)
			ReleaseScriptCaches (1ms)
			RebuildScriptCaches (80ms)
			SetupLoadedEditorAssemblies (762ms)
				LogAssemblyErrors (0ms)
				InitializePlatformSupportModulesInManaged (23ms)
				SetLoadedEditorAssemblies (12ms)
				RefreshPlugins (1ms)
				BeforeProcessingInitializeOnLoad (153ms)
				ProcessInitializeOnLoadAttributes (504ms)
				ProcessInitializeOnLoadMethodAttributes (55ms)
				AfterProcessingInitializeOnLoad (14ms)
				EditorAssembliesLoaded (1ms)
			ExecutionOrderSort2 (0ms)
			AwakeInstancesAfterBackupRestoration (15ms)
Platform modules already initialized, skipping
========================================================================
Worker process is ready to serve import requests
Launched and connected shader compiler UnityShaderCompiler.exe after 0.06 seconds
Refreshing native plugins compatible for Editor in 0.96 ms, found 3 plugins.
Preloading 0 native plugins for Editor in 0.00 ms.
Unloading 3542 Unused Serialized files (Serialized files now loaded: 0)
Unloading 25 unused Assets / (57.6 KB). Loaded Objects now: 4005.
Memory consumption went from 0.53 GB to 0.53 GB.
Total: 5.774700 ms (FindLiveObjects: 0.448000 ms CreateObjectMapping: 0.467300 ms MarkObjects: 4.763300 ms  DeleteObjects: 0.094600 ms)

AssetImportParameters requested are different than current active one (requested -> active):
  custom:video-decoder-ogg-theora: a1e56fd34408186e4bbccfd4996cb3dc -> 
  custom:container-muxer-webm: aa71ff27fc2769a1b78a27578f13a17b -> 
  custom:container-demuxer-webm: 4f35f7cbe854078d1ac9338744f61a02 -> 
  custom:video-encoder-webm-vp8: eb34c28f22e8b96e1ab97ce403110664 -> 
  custom:video-codec-MediaFoundation-h265: e54d7ab0439102e2317fc1e4b246158d -> 
  custom:audio-encoder-webm-vorbis: bf7c407c2cedff20999df2af8eb42d56 -> 
  custom:framework-win-MediaFoundation: 216162199b28c13a410421893ffa2e32 -> 
  custom:container-demuxer-ogg: 62fdf1f143b41e24485cea50d1cbac27 -> 
  custom:video-decoder-webm-vp8: 9c59270c3fd7afecdb556c50c9e8de78 -> 
  custom:audio-decoder-ogg-vorbis: bf7c407c2cedff20999df2af8eb42d56 -> 
========================================================================
Received Import Request.
  Time since last request: 57111.076616 seconds.
  path: Assets/New Terrain.asset
  artifactKey: Guid(e336b9c0c5c5f467e9a3c6f701d6d2bb) Importer(815301076,1909f56bfc062723c751e8b465ee728b)
Start importing Assets/New Terrain.asset using Guid(e336b9c0c5c5f467e9a3c6f701d6d2bb) Importer(815301076,1909f56bfc062723c751e8b465ee728b)  -> (artifact id: 'eae4a2112def4b7ba7e3290803b12ef0') in 0.183399 seconds 
========================================================================
Received Import Request.
  Time since last request: 34.732154 seconds.
  path: Assets/Zenject
  artifactKey: Guid(6521c5a42599340fc9aa751a6f6382db) Importer(815301076,1909f56bfc062723c751e8b465ee728b)
Start importing Assets/Zenject using Guid(6521c5a42599340fc9aa751a6f6382db) Importer(815301076,1909f56bfc062723c751e8b465ee728b)  -> (artifact id: 'bd557f2844e8e6fccf17b2f6543a1447') in 0.005149 seconds 
========================================================================
Received Import Request.
  Time since last request: 5.297226 seconds.
  path: Assets/Standard Assets
  artifactKey: Guid(f780ca07ef6324a40b16d7db3258d7e6) Importer(815301076,1909f56bfc062723c751e8b465ee728b)
Start importing Assets/Standard Assets using Guid(f780ca07ef6324a40b16d7db3258d7e6) Importer(815301076,1909f56bfc062723c751e8b465ee728b)  -> (artifact id: '07918266b2577e10cf2d05b220d518d7') in 0.005763 seconds 
========================================================================
Received Import Request.
  Time since last request: 1.308426 seconds.
  path: Assets/Standard Assets/2D
  artifactKey: Guid(27dbec7630294d64c9ab91261656cbd4) Importer(815301076,1909f56bfc062723c751e8b465ee728b)
Start importing Assets/Standard Assets/2D using Guid(27dbec7630294d64c9ab91261656cbd4) Importer(815301076,1909f56bfc062723c751e8b465ee728b)  -> (artifact id: '59b0e2a2b6aa6f926b8dcd0084523485') in 0.006389 seconds 
========================================================================
Received Import Request.
  Time since last request: 1.906495 seconds.
  path: Assets/Standard Assets/2D/Animations
  artifactKey: Guid(d8134e4dd9a11c6468abfb1683315eab) Importer(815301076,1909f56bfc062723c751e8b465ee728b)
Start importing Assets/Standard Assets/2D/Animations using Guid(d8134e4dd9a11c6468abfb1683315eab) Importer(815301076,1909f56bfc062723c751e8b465ee728b)  -> (artifact id: '4233e733e995ea29d65965253049d645') in 0.006677 seconds 
========================================================================
Received Import Request.
  Time since last request: 14.659515 seconds.
  path: Assets/Standard Assets/Utility
  artifactKey: Guid(4539eb30e895bbb41b5eae6df2dde978) Importer(815301076,1909f56bfc062723c751e8b465ee728b)
Start importing Assets/Standard Assets/Utility using Guid(4539eb30e895bbb41b5eae6df2dde978) Importer(815301076,1909f56bfc062723c751e8b465ee728b)  -> (artifact id: '4c59f099cdde72dde297843cc8df760d') in 0.005699 seconds 
========================================================================
Received Import Request.
  Time since last request: 7.226179 seconds.
  path: Assets/Standard Assets/Utility/SmoothFollow.cs
  artifactKey: Guid(f76806479d916a64aa03f8e3eba7912f) Importer(815301076,1909f56bfc062723c751e8b465ee728b)
Start importing Assets/Standard Assets/Utility/SmoothFollow.cs using Guid(f76806479d916a64aa03f8e3eba7912f) Importer(815301076,1909f56bfc062723c751e8b465ee728b)  -> (artifact id: '22e88433eccf56eaf67fd29436d95be0') in 0.006254 seconds 
========================================================================
Received Import Request.
  Time since last request: 0.417125 seconds.
  path: Assets/Standard Assets/Utility/SimpleMouseRotator.cs
  artifactKey: Guid(cadd54e4832aeef4b9359f44cbe335cd) Importer(815301076,1909f56bfc062723c751e8b465ee728b)
Start importing Assets/Standard Assets/Utility/SimpleMouseRotator.cs using Guid(cadd54e4832aeef4b9359f44cbe335cd) Importer(815301076,1909f56bfc062723c751e8b465ee728b)  -> (artifact id: '989d2c490507778e980d31ee0d4d9138') in 0.005050 seconds 
========================================================================
Received Import Request.
  Time since last request: 0.576301 seconds.
  path: Assets/Standard Assets/Utility/SimpleActivatorMenu.cs
  artifactKey: Guid(69b69a5b0e0a85b4aa97a7edc40c37d1) Importer(815301076,1909f56bfc062723c751e8b465ee728b)
Start importing Assets/Standard Assets/Utility/SimpleActivatorMenu.cs using Guid(69b69a5b0e0a85b4aa97a7edc40c37d1) Importer(815301076,1909f56bfc062723c751e8b465ee728b)  -> (artifact id: '7c6130d90193e07b3983c78306758ec8') in 0.005249 seconds 
========================================================================
Received Import Request.
  Time since last request: 7.509180 seconds.
  path: Assets/Standard Assets/Utility/ForcedReset.cs
  artifactKey: Guid(9b886447cba80f74e820adb3c9e70c76) Importer(815301076,1909f56bfc062723c751e8b465ee728b)
Start importing Assets/Standard Assets/Utility/ForcedReset.cs using Guid(9b886447cba80f74e820adb3c9e70c76) Importer(815301076,1909f56bfc062723c751e8b465ee728b)  -> (artifact id: '3a332e4cefac7a935adc1e3e94856da1') in 0.005276 seconds 
========================================================================
Received Import Request.
  Time since last request: 18.419284 seconds.
  path: Assets/Plugins
  artifactKey: Guid(053fda4fd5c510b4e92a7740dcf7854d) Importer(815301076,1909f56bfc062723c751e8b465ee728b)
Start importing Assets/Plugins using Guid(053fda4fd5c510b4e92a7740dcf7854d) Importer(815301076,1909f56bfc062723c751e8b465ee728b)  -> (artifact id: 'd227e78b897f6953ddf7151f93c54e39') in 0.005130 seconds 
========================================================================
Received Prepare
Registering precompiled user dll's ...
Registered in 0.008305 seconds.
Begin MonoManager ReloadAssembly
Symbol file LoadedFromMemory doesn't match image C:\Users\halza\Projects\design-patterns\Library\PackageCache\com.unity.visualscripting@1.7.8\Editor\VisualScripting.Core\Dependencies\YamlDotNet\Unity.VisualScripting.YamlDotNet.dll
Symbol file LoadedFromMemory doesn't match image C:\Users\halza\Projects\design-patterns\Library\PackageCache\com.unity.visualscripting@1.7.8\Editor\VisualScripting.Core\Dependencies\DotNetZip\Unity.VisualScripting.IonicZip.dll
Native extension for WindowsStandalone target not found
Native extension for Android target not found
Refreshing native plugins compatible for Editor in 0.94 ms, found 3 plugins.
Preloading 0 native plugins for Editor in 0.00 ms.
Mono: successfully reloaded assembly
- Completed reload, in  1.291 seconds
Domain Reload Profiling:
	ReloadAssembly (1293ms)
		BeginReloadAssembly (165ms)
			ExecutionOrderSort (0ms)
			DisableScriptedObjects (8ms)
			BackupInstance (0ms)
			ReleaseScriptingObjects (0ms)
			CreateAndSetChildDomain (48ms)
		EndReloadAssembly (995ms)
			LoadAssemblies (108ms)
			RebuildTransferFunctionScriptingTraits (0ms)
			SetupTypeCache (402ms)
				TypeCache.Initialize (394ms)
					TypeCache.ScanAssembly (389ms)
				ResolveRequiredComponents (9ms)
			ReleaseScriptCaches (1ms)
			RebuildScriptCaches (45ms)
			SetupLoadedEditorAssemblies (387ms)
				LogAssemblyErrors (0ms)
				InitializePlatformSupportModulesInManaged (24ms)
				SetLoadedEditorAssemblies (9ms)
				RefreshPlugins (1ms)
				BeforeProcessingInitializeOnLoad (70ms)
				ProcessInitializeOnLoadAttributes (243ms)
				ProcessInitializeOnLoadMethodAttributes (34ms)
				AfterProcessingInitializeOnLoad (6ms)
				EditorAssembliesLoaded (0ms)
			ExecutionOrderSort2 (0ms)
			AwakeInstancesAfterBackupRestoration (7ms)
Platform modules already initialized, skipping
Refreshing native plugins compatible for Editor in 1.89 ms, found 3 plugins.
Preloading 0 native plugins for Editor in 0.00 ms.
Unloading 3943 Unused Serialized files (Serialized files now loaded: 0)
Unloading 83 unused Assets / (0.7 MB). Loaded Objects now: 4410.
Memory consumption went from 0.59 GB to 0.58 GB.
Total: 3.304200 ms (FindLiveObjects: 0.297900 ms CreateObjectMapping: 0.278500 ms MarkObjects: 2.374200 ms  DeleteObjects: 0.352800 ms)

AssetImportParameters requested are different than current active one (requested -> active):
  custom:video-decoder-ogg-theora: a1e56fd34408186e4bbccfd4996cb3dc -> 
  custom:container-muxer-webm: aa71ff27fc2769a1b78a27578f13a17b -> 
  custom:container-demuxer-webm: 4f35f7cbe854078d1ac9338744f61a02 -> 
  custom:video-encoder-webm-vp8: eb34c28f22e8b96e1ab97ce403110664 -> 
  custom:video-codec-MediaFoundation-h265: e54d7ab0439102e2317fc1e4b246158d -> 
  custom:audio-encoder-webm-vorbis: bf7c407c2cedff20999df2af8eb42d56 -> 
  custom:framework-win-MediaFoundation: 216162199b28c13a410421893ffa2e32 -> 
  custom:container-demuxer-ogg: 62fdf1f143b41e24485cea50d1cbac27 -> 
  custom:video-decoder-webm-vp8: 9c59270c3fd7afecdb556c50c9e8de78 -> 
  custom:audio-decoder-ogg-vorbis: bf7c407c2cedff20999df2af8eb42d56 -> 
========================================================================
Received Import Request.
  Time since last request: 91.566501 seconds.
  path: Assets/Scenes/Command.unity
  artifactKey: Guid(d45bcea7151d4b34486846fa9e63cd26) Importer(815301076,1909f56bfc062723c751e8b465ee728b)
Start importing Assets/Scenes/Command.unity using Guid(d45bcea7151d4b34486846fa9e63cd26) Importer(815301076,1909f56bfc062723c751e8b465ee728b)  -> (artifact id: '35f4e60bb3d3089482554918af00dc25') in 0.007443 seconds 
========================================================================
Received Import Request.
  Time since last request: 0.944741 seconds.
  path: Assets/Scenes/Decorator.unity
  artifactKey: Guid(dca7406c1ed6bdb4bb5af7c930173acf) Importer(815301076,1909f56bfc062723c751e8b465ee728b)
Start importing Assets/Scenes/Decorator.unity using Guid(dca7406c1ed6bdb4bb5af7c930173acf) Importer(815301076,1909f56bfc062723c751e8b465ee728b)  -> (artifact id: '585b3a0185db9b668c4ec48f811ffcfa') in 0.007528 seconds 
========================================================================
Received Import Request.
  Time since last request: 0.857820 seconds.
  path: Assets/Scenes/DI.unity
  artifactKey: Guid(bee2c1950ce564bbe93e9bae77d00c4b) Importer(815301076,1909f56bfc062723c751e8b465ee728b)
Start importing Assets/Scenes/DI.unity using Guid(bee2c1950ce564bbe93e9bae77d00c4b) Importer(815301076,1909f56bfc062723c751e8b465ee728b)  -> (artifact id: '81fc6bdf27e868d2d10edbbf51d24452') in 0.005685 seconds 
========================================================================
Received Import Request.
  Time since last request: 0.922510 seconds.
  path: Assets/Scenes/Flyweigth.unity
  artifactKey: Guid(5947a4a753e4c41c69496375ce3f6b6a) Importer(815301076,1909f56bfc062723c751e8b465ee728b)
Start importing Assets/Scenes/Flyweigth.unity using Guid(5947a4a753e4c41c69496375ce3f6b6a) Importer(815301076,1909f56bfc062723c751e8b465ee728b)  -> (artifact id: 'efcc0bfcbb6a057e1a9d6d9231299690') in 0.005869 seconds 
========================================================================
Received Import Request.
  Time since last request: 2.136174 seconds.
  path: Assets/Scenes/Memento.unity
  artifactKey: Guid(e88c1cfea0a57416fac584152eef30c6) Importer(815301076,1909f56bfc062723c751e8b465ee728b)
Start importing Assets/Scenes/Memento.unity using Guid(e88c1cfea0a57416fac584152eef30c6) Importer(815301076,1909f56bfc062723c751e8b465ee728b)  -> (artifact id: '0e98519a968c15605af5cc6ed4490540') in 0.005357 seconds 
========================================================================
Received Import Request.
  Time since last request: 0.857676 seconds.
  path: Assets/Scenes/Observer.unity
  artifactKey: Guid(9bb5a5fbc54ca4da6a6c7d588d34b989) Importer(815301076,1909f56bfc062723c751e8b465ee728b)
Start importing Assets/Scenes/Observer.unity using Guid(9bb5a5fbc54ca4da6a6c7d588d34b989) Importer(815301076,1909f56bfc062723c751e8b465ee728b)  -> (artifact id: 'df7c7b454637fbf4f6b667b61dade4f7') in 0.005525 seconds 
========================================================================
Received Import Request.
  Time since last request: 1.378684 seconds.
  path: Assets/Scenes/Pool.unity
  artifactKey: Guid(2e5c76897f212b74695da248cd9f0e53) Importer(815301076,1909f56bfc062723c751e8b465ee728b)
Start importing Assets/Scenes/Pool.unity using Guid(2e5c76897f212b74695da248cd9f0e53) Importer(815301076,1909f56bfc062723c751e8b465ee728b)  -> (artifact id: '92c59910aeb803a3c92374763369fb61') in 0.005849 seconds 
========================================================================
Received Import Request.
  Time since last request: 5.796653 seconds.
  path: Assets/Scenes/Prototype.unity
  artifactKey: Guid(ac5988311e4e34c4d842969dc1d18c39) Importer(815301076,1909f56bfc062723c751e8b465ee728b)
Start importing Assets/Scenes/Prototype.unity using Guid(ac5988311e4e34c4d842969dc1d18c39) Importer(815301076,1909f56bfc062723c751e8b465ee728b)  -> (artifact id: 'b4e31357a1f22d82fb35a56fc71fce8a') in 0.005232 seconds 
========================================================================
Received Import Request.
  Time since last request: 1.308499 seconds.
  path: Assets/Scenes/Singleton.unity
  artifactKey: Guid(04b3c168fe6e44aa0867d39d6f2983d7) Importer(815301076,1909f56bfc062723c751e8b465ee728b)
Start importing Assets/Scenes/Singleton.unity using Guid(04b3c168fe6e44aa0867d39d6f2983d7) Importer(815301076,1909f56bfc062723c751e8b465ee728b)  -> (artifact id: '10a25bc3fd67ff9f7f6b6d25f8c3ef78') in 0.005957 seconds 
========================================================================
Received Import Request.
  Time since last request: 31.342361 seconds.
  path: Assets/Prefabs/Bullet.prefab
  artifactKey: Guid(7e86f0d03f6cc410e90c2bc6a39111e4) Importer(815301076,1909f56bfc062723c751e8b465ee728b)
Start importing Assets/Prefabs/Bullet.prefab using Guid(7e86f0d03f6cc410e90c2bc6a39111e4) Importer(815301076,1909f56bfc062723c751e8b465ee728b)  -> (artifact id: '02c08e6e7a82565db884f16b3fad34f2') in 0.398603 seconds 
========================================================================
Received Import Request.
  Time since last request: 0.000028 seconds.
  path: Assets/Prefabs/Warrior.prefab
  artifactKey: Guid(fe370ff1d2c754cb3bf1f9ee80612611) Importer(815301076,1909f56bfc062723c751e8b465ee728b)
Start importing Assets/Prefabs/Warrior.prefab using Guid(fe370ff1d2c754cb3bf1f9ee80612611) Importer(815301076,1909f56bfc062723c751e8b465ee728b)  -> (artifact id: '61d94f5bf09cf2b2a0fcbd7b370ef2d7') in 0.022618 seconds 
========================================================================
Received Import Request.
  Time since last request: 0.000028 seconds.
  path: Assets/Prefabs/Injected Bullet.prefab
  artifactKey: Guid(69e1552cc49c44660b9c97160048cdb7) Importer(815301076,1909f56bfc062723c751e8b465ee728b)
Start importing Assets/Prefabs/Injected Bullet.prefab using Guid(69e1552cc49c44660b9c97160048cdb7) Importer(815301076,1909f56bfc062723c751e8b465ee728b)  -> (artifact id: 'f3ab9163d109f3089a18463a6dd774c7') in 0.015896 seconds 
========================================================================
Received Import Request.
  Time since last request: 0.747023 seconds.
  path: Assets/Plugins/Zenject
  artifactKey: Guid(0898bee059304384abc7b275113fe759) Importer(815301076,1909f56bfc062723c751e8b465ee728b)
Start importing Assets/Plugins/Zenject using Guid(0898bee059304384abc7b275113fe759) Importer(815301076,1909f56bfc062723c751e8b465ee728b)  -> (artifact id: 'd46936486db2a50503a73d2c1f06af3d') in 0.005372 seconds 
========================================================================
Received Import Request.
  Time since last request: 0.025636 seconds.
  path: Assets/Plugins/Zenject/zenject.asmdef
  artifactKey: Guid(0d8beb7f090555447a6cf5ce9e54dbb4) Importer(815301076,1909f56bfc062723c751e8b465ee728b)
Start importing Assets/Plugins/Zenject/zenject.asmdef using Guid(0d8beb7f090555447a6cf5ce9e54dbb4) Importer(815301076,1909f56bfc062723c751e8b465ee728b)  -> (artifact id: '9e52e76826baca0bdde93a866a6fdc0e') in 0.006575 seconds 
========================================================================
Received Import Request.
  Time since last request: 0.899533 seconds.
  path: Assets/Plugins/Zenject/OptionalExtras
  artifactKey: Guid(e70ffae629cf5764fbc95aaeeb64884d) Importer(815301076,1909f56bfc062723c751e8b465ee728b)
Start importing Assets/Plugins/Zenject/OptionalExtras using Guid(e70ffae629cf5764fbc95aaeeb64884d) Importer(815301076,1909f56bfc062723c751e8b465ee728b)  -> (artifact id: '63603c396a032321b0407b30948fcaf8') in 0.005542 seconds 
========================================================================
Received Prepare
Registering precompiled user dll's ...
Registered in 0.005682 seconds.
Begin MonoManager ReloadAssembly
Symbol file LoadedFromMemory doesn't match image C:\Users\halza\Projects\design-patterns\Library\PackageCache\com.unity.visualscripting@1.7.8\Editor\VisualScripting.Core\Dependencies\YamlDotNet\Unity.VisualScripting.YamlDotNet.dll
Symbol file LoadedFromMemory doesn't match image C:\Users\halza\Projects\design-patterns\Library\PackageCache\com.unity.visualscripting@1.7.8\Editor\VisualScripting.Core\Dependencies\DotNetZip\Unity.VisualScripting.IonicZip.dll
Native extension for WindowsStandalone target not found
Native extension for Android target not found
Refreshing native plugins compatible for Editor in 0.63 ms, found 3 plugins.
Preloading 0 native plugins for Editor in 0.00 ms.
Mono: successfully reloaded assembly
- Completed reload, in  1.400 seconds
Domain Reload Profiling:
	ReloadAssembly (1401ms)
		BeginReloadAssembly (189ms)
			ExecutionOrderSort (0ms)
			DisableScriptedObjects (7ms)
			BackupInstance (0ms)
			ReleaseScriptingObjects (0ms)
			CreateAndSetChildDomain (56ms)
		EndReloadAssembly (1051ms)
			LoadAssemblies (125ms)
			RebuildTransferFunctionScriptingTraits (0ms)
			SetupTypeCache (399ms)
				TypeCache.Initialize (389ms)
					TypeCache.ScanAssembly (383ms)
				ResolveRequiredComponents (10ms)
			ReleaseScriptCaches (1ms)
			RebuildScriptCaches (56ms)
			SetupLoadedEditorAssemblies (427ms)
				LogAssemblyErrors (0ms)
				InitializePlatformSupportModulesInManaged (26ms)
				SetLoadedEditorAssemblies (10ms)
				RefreshPlugins (1ms)
				BeforeProcessingInitializeOnLoad (77ms)
				ProcessInitializeOnLoadAttributes (271ms)
				ProcessInitializeOnLoadMethodAttributes (34ms)
				AfterProcessingInitializeOnLoad (9ms)
				EditorAssembliesLoaded (0ms)
			ExecutionOrderSort2 (0ms)
			AwakeInstancesAfterBackupRestoration (6ms)
Platform modules already initialized, skipping
Refreshing native plugins compatible for Editor in 1.64 ms, found 3 plugins.
Preloading 0 native plugins for Editor in 0.00 ms.
Unloading 3582 Unused Serialized files (Serialized files now loaded: 0)
Unloading 236 unused Assets / (25.5 KB). Loaded Objects now: 4208.
Memory consumption went from 0.54 GB to 0.54 GB.
Total: 2.951200 ms (FindLiveObjects: 0.269800 ms CreateObjectMapping: 0.216600 ms MarkObjects: 2.389900 ms  DeleteObjects: 0.074200 ms)

AssetImportParameters requested are different than current active one (requested -> active):
  custom:video-decoder-ogg-theora: a1e56fd34408186e4bbccfd4996cb3dc -> 
  custom:container-muxer-webm: aa71ff27fc2769a1b78a27578f13a17b -> 
  custom:container-demuxer-webm: 4f35f7cbe854078d1ac9338744f61a02 -> 
  custom:video-encoder-webm-vp8: eb34c28f22e8b96e1ab97ce403110664 -> 
  custom:video-codec-MediaFoundation-h265: e54d7ab0439102e2317fc1e4b246158d -> 
  custom:audio-encoder-webm-vorbis: bf7c407c2cedff20999df2af8eb42d56 -> 
  custom:framework-win-MediaFoundation: 216162199b28c13a410421893ffa2e32 -> 
  custom:container-demuxer-ogg: 62fdf1f143b41e24485cea50d1cbac27 -> 
  custom:video-decoder-webm-vp8: 9c59270c3fd7afecdb556c50c9e8de78 -> 
  custom:audio-decoder-ogg-vorbis: bf7c407c2cedff20999df2af8eb42d56 -> 
